AH00558: apache2: Could not reliably determine the server's fully qualified domain name, using 172.20.0.5. Set the 'ServerName' directive globally to suppress this message
[Mon Feb 24 20:37:18.243476 2020] [mpm_prefork:notice] [pid 1] AH00163: Apache/2.4.25 (Debian) PHP/7.1.20 configured -- resuming normal operations
[Mon Feb 24 20:37:18.245182 2020] [core:notice] [pid 1] AH00094: Command line: 'apache2 -D FOREGROUND'
[Mon Feb 24 20:42:46.348101 2020] [mpm_prefork:notice] [pid 1] AH00169: caught SIGTERM, shutting down
AH00558: apache2: Could not reliably determine the server's fully qualified domain name, using 172.20.0.3. Set the 'ServerName' directive globally to suppress this message
[Mon Feb 24 20:42:56.096367 2020] [mpm_prefork:notice] [pid 1] AH00163: Apache/2.4.25 (Debian) PHP/7.1.20 configured -- resuming normal operations
[Mon Feb 24 20:42:56.097376 2020] [core:notice] [pid 1] AH00094: Command line: 'apache2 -D FOREGROUND'
[Mon Feb 24 20:44:48.723869 2020] [mpm_prefork:notice] [pid 1] AH00169: caught SIGTERM, shutting down
AH00558: apache2: Could not reliably determine the server's fully qualified domain name, using 172.20.0.3. Set the 'ServerName' directive globally to suppress this message
[Mon Feb 24 20:44:55.657388 2020] [mpm_prefork:notice] [pid 1] AH00163: Apache/2.4.25 (Debian) PHP/7.1.20 configured -- resuming normal operations
[Mon Feb 24 20:44:55.657997 2020] [core:notice] [pid 1] AH00094: Command line: 'apache2 -D FOREGROUND'
[Mon Feb 24 20:46:10.376677 2020] [mpm_prefork:notice] [pid 1] AH00169: caught SIGTERM, shutting down
AH00558: apache2: Could not reliably determine the server's fully qualified domain name, using 172.20.0.3. Set the 'ServerName' directive globally to suppress this message
[Mon Feb 24 20:46:15.366793 2020] [mpm_prefork:notice] [pid 1] AH00163: Apache/2.4.25 (Debian) PHP/7.1.20 configured -- resuming normal operations
[Mon Feb 24 20:46:15.367286 2020] [core:notice] [pid 1] AH00094: Command line: 'apache2 -D FOREGROUND'
[Mon Feb 24 20:47:53.636057 2020] [mpm_prefork:notice] [pid 1] AH00169: caught SIGTERM, shutting down
AH00558: apache2: Could not reliably determine the server's fully qualified domain name, using 172.21.0.3. Set the 'ServerName' directive globally to suppress this message
[Mon Feb 24 20:53:52.919979 2020] [mpm_prefork:notice] [pid 1] AH00163: Apache/2.4.25 (Debian) PHP/7.1.20 configured -- resuming normal operations
[Mon Feb 24 20:53:52.920534 2020] [core:notice] [pid 1] AH00094: Command line: 'apache2 -D FOREGROUND'
[Mon Feb 24 20:58:52.048084 2020] [mpm_prefork:notice] [pid 1] AH00169: caught SIGTERM, shutting down
AH00558: apache2: Could not reliably determine the server's fully qualified domain name, using 172.21.0.4. Set the 'ServerName' directive globally to suppress this message
[Mon Feb 24 21:00:30.043781 2020] [mpm_prefork:notice] [pid 1] AH00163: Apache/2.4.25 (Debian) PHP/7.1.20 configured -- resuming normal operations
[Mon Feb 24 21:00:30.045682 2020] [core:notice] [pid 1] AH00094: Command line: 'apache2 -D FOREGROUND'
AH00558: apache2: Could not reliably determine the server's fully qualified domain name, using 172.23.0.3. Set the 'ServerName' directive globally to suppress this message
[Mon Feb 24 21:06:57.168938 2020] [mpm_prefork:notice] [pid 1] AH00163: Apache/2.4.25 (Debian) PHP/7.1.20 configured -- resuming normal operations
[Mon Feb 24 21:06:57.169421 2020] [core:notice] [pid 1] AH00094: Command line: 'apache2 -D FOREGROUND'
AH00558: apache2: Could not reliably determine the server's fully qualified domain name, using 172.18.0.3. Set the 'ServerName' directive globally to suppress this message
[Thu Feb 27 02:11:57.054680 2020] [mpm_prefork:notice] [pid 1] AH00163: Apache/2.4.25 (Debian) PHP/7.1.20 configured -- resuming normal operations
[Thu Feb 27 02:11:57.054784 2020] [core:notice] [pid 1] AH00094: Command line: 'apache2 -D FOREGROUND'
[Thu Feb 27 02:33:50.018959 2020] [mpm_prefork:notice] [pid 1] AH00169: caught SIGTERM, shutting down
AH00112: Warning: DocumentRoot [/var/www/temp] does not exist
AH00558: apache2: Could not reliably determine the server's fully qualified domain name, using 172.18.0.3. Set the 'ServerName' directive globally to suppress this message
[Thu Feb 27 02:38:37.741830 2020] [mpm_prefork:notice] [pid 1] AH00163: Apache/2.4.25 (Debian) PHP/7.1.20 configured -- resuming normal operations
[Thu Feb 27 02:38:37.741953 2020] [core:notice] [pid 1] AH00094: Command line: 'apache2 -D FOREGROUND'
[Thu Feb 27 02:42:01.270159 2020] [mpm_prefork:notice] [pid 1] AH00169: caught SIGTERM, shutting down
AH00112: Warning: DocumentRoot [/var/www/temp] does not exist
AH00558: apache2: Could not reliably determine the server's fully qualified domain name, using 172.18.0.3. Set the 'ServerName' directive globally to suppress this message
[Thu Feb 27 02:42:47.569401 2020] [mpm_prefork:notice] [pid 1] AH00163: Apache/2.4.25 (Debian) PHP/7.1.20 configured -- resuming normal operations
[Thu Feb 27 02:42:47.569507 2020] [core:notice] [pid 1] AH00094: Command line: 'apache2 -D FOREGROUND'
[Thu Feb 27 02:46:50.482032 2020] [mpm_prefork:notice] [pid 1] AH00169: caught SIGTERM, shutting down
AH00558: apache2: Could not reliably determine the server's fully qualified domain name, using 172.18.0.3. Set the 'ServerName' directive globally to suppress this message
[Thu Feb 27 02:47:45.581406 2020] [mpm_prefork:notice] [pid 1] AH00163: Apache/2.4.25 (Debian) PHP/7.1.20 configured -- resuming normal operations
[Thu Feb 27 02:47:45.581544 2020] [core:notice] [pid 1] AH00094: Command line: 'apache2 -D FOREGROUND'
[Thu Feb 27 02:53:40.705281 2020] [mpm_prefork:notice] [pid 1] AH00169: caught SIGTERM, shutting down
AH00558: apache2: Could not reliably determine the server's fully qualified domain name, using 172.18.0.3. Set the 'ServerName' directive globally to suppress this message
[Thu Feb 27 02:54:07.089496 2020] [mpm_prefork:notice] [pid 1] AH00163: Apache/2.4.25 (Debian) PHP/7.1.20 configured -- resuming normal operations
[Thu Feb 27 02:54:07.089646 2020] [core:notice] [pid 1] AH00094: Command line: 'apache2 -D FOREGROUND'
[Thu Feb 27 03:10:41.905089 2020] [mpm_prefork:notice] [pid 1] AH00169: caught SIGTERM, shutting down
AH00558: apache2: Could not reliably determine the server's fully qualified domain name, using 172.18.0.3. Set the 'ServerName' directive globally to suppress this message
[Thu Feb 27 03:10:55.886544 2020] [mpm_prefork:notice] [pid 1] AH00163: Apache/2.4.25 (Debian) PHP/7.1.20 configured -- resuming normal operations
[Thu Feb 27 03:10:55.886645 2020] [core:notice] [pid 1] AH00094: Command line: 'apache2 -D FOREGROUND'
[Thu Feb 27 03:29:04.161766 2020] [mpm_prefork:notice] [pid 1] AH00169: caught SIGTERM, shutting down
AH00558: apache2: Could not reliably determine the server's fully qualified domain name, using 172.19.0.3. Set the 'ServerName' directive globally to suppress this message
[Thu Feb 27 04:08:06.080227 2020] [mpm_prefork:notice] [pid 1] AH00163: Apache/2.4.25 (Debian) PHP/7.1.20 configured -- resuming normal operations
[Thu Feb 27 04:08:06.080323 2020] [core:notice] [pid 1] AH00094: Command line: 'apache2 -D FOREGROUND'
[Thu Feb 27 04:29:44.220842 2020] [mpm_prefork:notice] [pid 1] AH00169: caught SIGTERM, shutting down
AH00558: apache2: Could not reliably determine the server's fully qualified domain name, using 172.19.0.3. Set the 'ServerName' directive globally to suppress this message
[Thu Feb 27 04:29:58.544807 2020] [mpm_prefork:notice] [pid 1] AH00163: Apache/2.4.25 (Debian) PHP/7.1.20 configured -- resuming normal operations
[Thu Feb 27 04:29:58.544920 2020] [core:notice] [pid 1] AH00094: Command line: 'apache2 -D FOREGROUND'
2020-02-27T04:44:34+00:00 [debug] Warning: filemtime(): stat failed for /home/richard/code-test/test-sandbox/www/task_app/config/routes.yaml
[Thu Feb 27 06:00:58.515972 2020] [mpm_prefork:notice] [pid 1] AH00169: caught SIGTERM, shutting down
AH00558: apache2: Could not reliably determine the server's fully qualified domain name, using 172.19.0.3. Set the 'ServerName' directive globally to suppress this message
[Thu Feb 27 06:01:18.903904 2020] [mpm_prefork:notice] [pid 1] AH00163: Apache/2.4.25 (Debian) PHP/7.1.20 configured -- resuming normal operations
[Thu Feb 27 06:01:18.904090 2020] [core:notice] [pid 1] AH00094: Command line: 'apache2 -D FOREGROUND'
[Thu Feb 27 06:01:43.811454 2020] [mpm_prefork:notice] [pid 1] AH00169: caught SIGTERM, shutting down
AH00558: apache2: Could not reliably determine the server's fully qualified domain name, using 172.19.0.3. Set the 'ServerName' directive globally to suppress this message
[Thu Feb 27 06:02:44.955336 2020] [mpm_prefork:notice] [pid 1] AH00163: Apache/2.4.25 (Debian) PHP/7.1.20 configured -- resuming normal operations
[Thu Feb 27 06:02:44.955464 2020] [core:notice] [pid 1] AH00094: Command line: 'apache2 -D FOREGROUND'
2020-02-27T06:49:01+00:00 [debug] Warning: filemtime(): stat failed for /home/richard/code-test/test-sandbox/www/task_app/config/routes/dev/framework.yaml
2020-02-27T06:49:01+00:00 [error] Uncaught PHP Exception Symfony\Component\HttpKernel\Exception\NotFoundHttpException: "No route found for "GET /"" at /var/www/html/task_app/vendor/symfony/http-kernel/EventListener/RouterListener.php line 136
[Thu Feb 27 07:00:44.160865 2020] [php7:notice] [pid 16] [client 172.19.0.1:42602] 2020-02-27T07:00:44+00:00 [critical] Uncaught Exception: The autoloader expected class "App\\Controller\\LuckyNumberController" to be defined in file "/var/www/html/task_app/vendor/composer/../../src/Controller/LuckyNumberController.php". The file was found but the class was not in it, the class name or namespace probably has a typo.
2020-02-27T07:06:53+00:00 [debug] Warning: filemtime(): stat failed for /home/richard/code-test/test-sandbox/www/task_app/config/routes/dev/framework.yaml
2020-02-27T07:06:53+00:00 [error] Uncaught PHP Exception Symfony\Component\HttpKernel\Exception\NotFoundHttpException: "No route found for "GET /"" at /var/www/html/task_app/vendor/symfony/http-kernel/EventListener/RouterListener.php line 136
[Thu Feb 27 07:12:12.530423 2020] [mpm_prefork:notice] [pid 1] AH00169: caught SIGTERM, shutting down
AH00558: apache2: Could not reliably determine the server's fully qualified domain name, using 172.19.0.3. Set the 'ServerName' directive globally to suppress this message
[Thu Feb 27 07:12:17.841161 2020] [mpm_prefork:notice] [pid 1] AH00163: Apache/2.4.25 (Debian) PHP/7.1.20 configured -- resuming normal operations
[Thu Feb 27 07:12:17.841257 2020] [core:notice] [pid 1] AH00094: Command line: 'apache2 -D FOREGROUND'
[Thu Feb 27 07:12:45.727261 2020] [mpm_prefork:notice] [pid 1] AH00169: caught SIGTERM, shutting down
AH00558: apache2: Could not reliably determine the server's fully qualified domain name, using 172.19.0.3. Set the 'ServerName' directive globally to suppress this message
[Thu Feb 27 07:13:01.935253 2020] [mpm_prefork:notice] [pid 1] AH00163: Apache/2.4.25 (Debian) PHP/7.1.20 configured -- resuming normal operations
[Thu Feb 27 07:13:01.935382 2020] [core:notice] [pid 1] AH00094: Command line: 'apache2 -D FOREGROUND'
2020-02-27T07:13:30+00:00 [error] Uncaught PHP Exception Symfony\Component\HttpKernel\Exception\NotFoundHttpException: "No route found for "GET /"" at /var/www/html/task_app/vendor/symfony/http-kernel/EventListener/RouterListener.php line 136
[Thu Feb 27 07:19:06.125832 2020] [mpm_prefork:notice] [pid 1] AH00169: caught SIGTERM, shutting down
AH00558: apache2: Could not reliably determine the server's fully qualified domain name, using 172.19.0.3. Set the 'ServerName' directive globally to suppress this message
[Thu Feb 27 07:19:16.975286 2020] [mpm_prefork:notice] [pid 1] AH00163: Apache/2.4.25 (Debian) PHP/7.1.20 configured -- resuming normal operations
[Thu Feb 27 07:19:16.975440 2020] [core:notice] [pid 1] AH00094: Command line: 'apache2 -D FOREGROUND'
2020-02-27T07:19:29+00:00 [debug] Warning: filemtime(): stat failed for /home/richard/code-test/test-sandbox/www/task_app/config/routes/dev/framework.yaml
2020-02-27T07:19:29+00:00 [info] Matched route "app_lucky_number".
2020-02-27T07:19:30+00:00 [error] Uncaught PHP Exception Symfony\Component\HttpKernel\Exception\NotFoundHttpException: "No route found for "GET /favicon.ico" (from "http://localhost/lucky/number")" at /var/www/html/task_app/vendor/symfony/http-kernel/EventListener/RouterListener.php line 136
2020-02-27T07:19:56+00:00 [info] Matched route "app_lucky_number".
2020-02-27T07:20:03+00:00 [error] Uncaught PHP Exception Symfony\Component\HttpKernel\Exception\NotFoundHttpException: "No route found for "GET /"" at /var/www/html/task_app/vendor/symfony/http-kernel/EventListener/RouterListener.php line 136
2020-02-27T07:29:59+00:00 [debug] Warning: filemtime(): stat failed for /home/richard/code-test/test-sandbox/www/task_app/config/routes/dev/framework.yaml
2020-02-27T07:30:00+00:00 [info] Matched route "app_lucky_number".
2020-02-27T07:30:00+00:00 [critical] Uncaught PHP Exception Twig\Error\LoaderError: "Unable to find template "lucky/number.html.twig" (looked into: /var/www/html/task_app/templates)." at /var/www/html/task_app/vendor/twig/twig/src/Loader/FilesystemLoader.php line 250
2020-02-27T07:33:13+00:00 [info] Matched route "app_lucky_number".
2020-02-27T07:33:14+00:00 [info] Matched route "app_lucky_number".
2020-02-27T07:33:16+00:00 [info] Matched route "app_lucky_number".
2020-02-27T07:33:17+00:00 [info] Matched route "app_lucky_number".
2020-02-27T07:33:18+00:00 [info] Matched route "app_lucky_number".
2020-02-27T07:33:19+00:00 [info] Matched route "app_lucky_number".
2020-02-27T07:33:20+00:00 [info] Matched route "app_lucky_number".
2020-02-27T07:33:21+00:00 [info] Matched route "app_lucky_number".
2020-02-27T07:33:22+00:00 [info] Matched route "app_lucky_number".
[Thu Feb 27 07:41:05.184505 2020] [php7:notice] [pid 16] [client 172.19.0.1:44262] 2020-02-27T07:41:05+00:00 [critical] Uncaught Exception: The autoloader expected class "App\\Controller\\DefaultController" to be defined in file "/var/www/html/task_app/vendor/composer/../../src/Controller/DefaultController.php". The file was found but the class was not in it, the class name or namespace probably has a typo.
2020-02-27T07:41:56+00:00 [critical] Uncaught PHP Exception Symfony\Component\Config\Exception\LoaderLoadException: "Unknown property "method" on annotation "Symfony\Component\Routing\Annotation\Route" in /var/www/html/task_app/config/routes/../../src/Controller/ (which is being imported from "/var/www/html/task_app/config/routes/annotations.yaml"). Make sure annotations are installed and enabled." at /var/www/html/task_app/vendor/symfony/config/Loader/FileLoader.php line 180
2020-02-27T07:43:32+00:00 [info] Matched route "_home".
2020-02-27T08:02:18+00:00 [info] Matched route "_home".
2020-02-27T08:20:56+00:00 [debug] Warning: filemtime(): stat failed for /home/richard/code-test/test-sandbox/www/task_app/config/routes/dev/framework.yaml
2020-02-27T08:20:56+00:00 [info] Matched route "_home".
2020-02-27T08:21:57+00:00 [info] Matched route "_home".
2020-02-27T08:22:08+00:00 [info] Matched route "_home".
2020-02-27T08:22:08+00:00 [error] Uncaught PHP Exception Symfony\Component\HttpKernel\Exception\NotFoundHttpException: "No route found for "GET /favicon.ico" (from "http://localhost/")" at /var/www/html/task_app/vendor/symfony/http-kernel/EventListener/RouterListener.php line 136
2020-02-27T08:23:25+00:00 [info] Matched route "_home".
2020-02-27T09:04:30+00:00 [info] Matched route "_home".
2020-02-27T09:12:38+00:00 [info] Matched route "_home".
2020-02-27T10:02:20+00:00 [info] Matched route "_home".
2020-02-27T10:03:01+00:00 [info] Matched route "_home".
2020-02-27T10:04:49+00:00 [info] Matched route "_home".
2020-02-27T10:04:55+00:00 [info] Matched route "_home".
2020-02-27T10:04:56+00:00 [error] Uncaught PHP Exception Symfony\Component\HttpKernel\Exception\NotFoundHttpException: "No route found for "GET /favicon.ico" (from "http://localhost/")" at /var/www/html/task_app/vendor/symfony/http-kernel/EventListener/RouterListener.php line 136
2020-02-27T10:07:15+00:00 [info] Matched route "_home".
2020-02-27T10:07:16+00:00 [error] Uncaught PHP Exception Symfony\Component\HttpKernel\Exception\NotFoundHttpException: "No route found for "GET /favicon.ico" (from "http://localhost/")" at /var/www/html/task_app/vendor/symfony/http-kernel/EventListener/RouterListener.php line 136
2020-02-27T10:07:59+00:00 [info] Matched route "_home".
2020-02-27T10:08:00+00:00 [error] Uncaught PHP Exception Symfony\Component\HttpKernel\Exception\NotFoundHttpException: "No route found for "GET /favicon.ico" (from "http://localhost/")" at /var/www/html/task_app/vendor/symfony/http-kernel/EventListener/RouterListener.php line 136
2020-02-27T10:37:48+00:00 [info] Matched route "_home".
2020-02-27T10:39:38+00:00 [info] Matched route "_home".
2020-02-27T10:40:56+00:00 [info] Matched route "_home".
2020-02-27T10:43:20+00:00 [info] Matched route "_home".
2020-02-27T10:50:25+00:00 [info] Matched route "_home".
2020-02-27T10:50:25+00:00 [error] Uncaught PHP Exception Symfony\Component\HttpKernel\Exception\NotFoundHttpException: "No route found for "GET /favicon.ico" (from "http://localhost/")" at /var/www/html/task_app/vendor/symfony/http-kernel/EventListener/RouterListener.php line 136
2020-02-27T10:51:35+00:00 [info] Matched route "_home".
2020-02-27T10:51:35+00:00 [error] Uncaught PHP Exception Symfony\Component\HttpKernel\Exception\NotFoundHttpException: "No route found for "GET /favicon.ico" (from "http://localhost/")" at /var/www/html/task_app/vendor/symfony/http-kernel/EventListener/RouterListener.php line 136
2020-02-27T10:53:25+00:00 [info] Matched route "_home".
2020-02-27T10:53:26+00:00 [error] Uncaught PHP Exception Symfony\Component\HttpKernel\Exception\NotFoundHttpException: "No route found for "GET /favicon.ico" (from "http://localhost/")" at /var/www/html/task_app/vendor/symfony/http-kernel/EventListener/RouterListener.php line 136
2020-02-27T10:55:31+00:00 [info] Matched route "_home".
2020-02-27T10:55:32+00:00 [error] Uncaught PHP Exception Symfony\Component\HttpKernel\Exception\NotFoundHttpException: "No route found for "GET /favicon.ico" (from "http://localhost/")" at /var/www/html/task_app/vendor/symfony/http-kernel/EventListener/RouterListener.php line 136
2020-02-27T11:03:01+00:00 [info] Matched route "_home".
2020-02-27T11:03:01+00:00 [error] Uncaught PHP Exception Symfony\Component\HttpKernel\Exception\NotFoundHttpException: "No route found for "GET /favicon.ico" (from "http://localhost/")" at /var/www/html/task_app/vendor/symfony/http-kernel/EventListener/RouterListener.php line 136
2020-02-27T11:04:58+00:00 [info] Matched route "_home".
2020-02-27T11:04:59+00:00 [error] Uncaught PHP Exception Symfony\Component\HttpKernel\Exception\NotFoundHttpException: "No route found for "GET /favicon.ico" (from "http://localhost/")" at /var/www/html/task_app/vendor/symfony/http-kernel/EventListener/RouterListener.php line 136
2020-02-27T11:05:38+00:00 [info] Matched route "_home".
2020-02-27T11:05:38+00:00 [error] Uncaught PHP Exception Symfony\Component\HttpKernel\Exception\NotFoundHttpException: "No route found for "GET /favicon.ico" (from "http://localhost/")" at /var/www/html/task_app/vendor/symfony/http-kernel/EventListener/RouterListener.php line 136
2020-02-27T11:07:27+00:00 [info] Matched route "_home".
2020-02-27T11:07:27+00:00 [error] Uncaught PHP Exception Symfony\Component\HttpKernel\Exception\NotFoundHttpException: "No route found for "GET /favicon.ico" (from "http://localhost/")" at /var/www/html/task_app/vendor/symfony/http-kernel/EventListener/RouterListener.php line 136
2020-02-27T11:29:15+00:00 [info] Matched route "_home".
2020-02-27T11:29:15+00:00 [error] Uncaught PHP Exception Symfony\Component\HttpKernel\Exception\NotFoundHttpException: "No route found for "GET /favicon.ico" (from "http://localhost/")" at /var/www/html/task_app/vendor/symfony/http-kernel/EventListener/RouterListener.php line 136
2020-02-27T11:29:26+00:00 [error] Uncaught PHP Exception Symfony\Component\HttpKernel\Exception\NotFoundHttpException: "No route found for "GET /create"" at /var/www/html/task_app/vendor/symfony/http-kernel/EventListener/RouterListener.php line 136
2020-02-27T11:29:41+00:00 [info] Matched route "_home".
2020-02-27T11:31:18+00:00 [info] Matched route "_home".
2020-02-27T11:31:18+00:00 [error] Uncaught PHP Exception Symfony\Component\HttpKernel\Exception\NotFoundHttpException: "No route found for "GET /favicon.ico" (from "http://localhost/")" at /var/www/html/task_app/vendor/symfony/http-kernel/EventListener/RouterListener.php line 136
2020-02-27T11:31:29+00:00 [info] Matched route "_home".
2020-02-27T11:35:21+00:00 [info] Matched route "_home".
2020-02-27T11:35:23+00:00 [error] Uncaught PHP Exception Symfony\Component\HttpKernel\Exception\NotFoundHttpException: "No route found for "GET /favicon.ico" (from "http://localhost/")" at /var/www/html/task_app/vendor/symfony/http-kernel/EventListener/RouterListener.php line 136
2020-02-27T11:36:29+00:00 [info] Matched route "_home".
2020-02-27T11:38:00+00:00 [info] Matched route "_home".
2020-02-27T11:38:00+00:00 [error] Uncaught PHP Exception Symfony\Component\HttpKernel\Exception\NotFoundHttpException: "No route found for "GET /favicon.ico" (from "http://localhost/")" at /var/www/html/task_app/vendor/symfony/http-kernel/EventListener/RouterListener.php line 136
2020-02-27T11:38:07+00:00 [info] Matched route "_home".
2020-02-27T11:38:07+00:00 [error] Uncaught PHP Exception Symfony\Component\HttpKernel\Exception\NotFoundHttpException: "No route found for "GET /favicon.ico" (from "http://localhost/")" at /var/www/html/task_app/vendor/symfony/http-kernel/EventListener/RouterListener.php line 136
2020-02-27T12:37:32+00:00 [info] Matched route "_home".
2020-02-27T12:37:33+00:00 [error] Uncaught PHP Exception Symfony\Component\HttpKernel\Exception\NotFoundHttpException: "No route found for "GET /favicon.ico" (from "http://localhost/")" at /var/www/html/task_app/vendor/symfony/http-kernel/EventListener/RouterListener.php line 136
2020-02-27T12:38:12+00:00 [error] Uncaught PHP Exception Symfony\Component\HttpKernel\Exception\NotFoundHttpException: "No route found for "GET /create" (from "http://localhost/create")" at /var/www/html/task_app/vendor/symfony/http-kernel/EventListener/RouterListener.php line 136
2020-02-27T12:38:38+00:00 [info] Matched route "_home".
2020-02-27T12:41:46+00:00 [info] Matched route "_home".
2020-02-27T12:41:47+00:00 [error] Uncaught PHP Exception Symfony\Component\HttpKernel\Exception\NotFoundHttpException: "No route found for "GET /favicon.ico" (from "http://localhost/")" at /var/www/html/task_app/vendor/symfony/http-kernel/EventListener/RouterListener.php line 136
2020-02-27T12:41:50+00:00 [error] Uncaught PHP Exception Symfony\Component\HttpKernel\Exception\NotFoundHttpException: "No route found for "GET /create" (from "http://localhost/create")" at /var/www/html/task_app/vendor/symfony/http-kernel/EventListener/RouterListener.php line 136
2020-02-27T12:42:33+00:00 [info] Matched route "_home".
2020-02-27T12:44:14+00:00 [info] Matched route "_home".
2020-02-27T12:44:14+00:00 [error] Uncaught PHP Exception Symfony\Component\HttpKernel\Exception\NotFoundHttpException: "No route found for "GET /favicon.ico" (from "http://localhost/")" at /var/www/html/task_app/vendor/symfony/http-kernel/EventListener/RouterListener.php line 136
2020-02-27T12:45:07+00:00 [error] Uncaught PHP Exception Symfony\Component\HttpKernel\Exception\NotFoundHttpException: "No route found for "GET /create"" at /var/www/html/task_app/vendor/symfony/http-kernel/EventListener/RouterListener.php line 136
2020-02-27T12:45:15+00:00 [info] Matched route "_home".
2020-02-27T12:45:16+00:00 [error] Uncaught PHP Exception Symfony\Component\HttpKernel\Exception\NotFoundHttpException: "No route found for "GET /favicon.ico" (from "http://localhost/")" at /var/www/html/task_app/vendor/symfony/http-kernel/EventListener/RouterListener.php line 136
2020-02-27T12:48:56+00:00 [info] Matched route "_home".
2020-02-27T13:11:35+00:00 [info] Matched route "_home".
2020-02-27T13:11:39+00:00 [info] Matched route "_home".
2020-02-27T13:11:40+00:00 [error] Uncaught PHP Exception Symfony\Component\HttpKernel\Exception\NotFoundHttpException: "No route found for "GET /favicon.ico" (from "http://localhost/")" at /var/www/html/task_app/vendor/symfony/http-kernel/EventListener/RouterListener.php line 136
2020-02-27T13:12:35+00:00 [info] Matched route "_home".
2020-02-27T13:13:17+00:00 [info] Matched route "_home".
2020-02-27T13:13:18+00:00 [error] Uncaught PHP Exception Symfony\Component\HttpKernel\Exception\NotFoundHttpException: "No route found for "GET /favicon.ico" (from "http://localhost/")" at /var/www/html/task_app/vendor/symfony/http-kernel/EventListener/RouterListener.php line 136
2020-02-27T13:19:09+00:00 [info] Matched route "_home".
2020-02-27T13:39:53+00:00 [info] Matched route "_home".
2020-02-27T13:42:12+00:00 [info] Matched route "_home".
2020-02-27T13:42:17+00:00 [info] Matched route "_home".
2020-02-27T13:42:18+00:00 [error] Uncaught PHP Exception Symfony\Component\HttpKernel\Exception\NotFoundHttpException: "No route found for "GET /favicon.ico" (from "http://localhost/")" at /var/www/html/task_app/vendor/symfony/http-kernel/EventListener/RouterListener.php line 136
2020-02-27T13:43:09+00:00 [info] Matched route "_home".
2020-02-27T14:07:35+00:00 [info] Matched route "_home".
2020-02-27T14:09:13+00:00 [info] Matched route "_home".
2020-02-27T14:46:29+00:00 [info] Matched route "_home".
2020-02-27T14:46:31+00:00 [error] Uncaught PHP Exception Symfony\Component\HttpKernel\Exception\NotFoundHttpException: "No route found for "GET /favicon.ico" (from "http://localhost/")" at /var/www/html/task_app/vendor/symfony/http-kernel/EventListener/RouterListener.php line 136
2020-02-27T14:48:10+00:00 [info] Matched route "_home".
2020-02-27T14:49:28+00:00 [error] Uncaught PHP Exception Symfony\Component\HttpKernel\Exception\NotFoundHttpException: "No route found for "GET /edit/1"" at /var/www/html/task_app/vendor/symfony/http-kernel/EventListener/RouterListener.php line 136
2020-02-27T14:49:35+00:00 [info] Matched route "_home".
2020-02-27T14:56:26+00:00 [error] Uncaught PHP Exception Symfony\Component\HttpKernel\Exception\NotFoundHttpException: "No route found for "GET /edit/1"" at /var/www/html/task_app/vendor/symfony/http-kernel/EventListener/RouterListener.php line 136
2020-02-27T14:56:33+00:00 [info] Matched route "_home".
2020-02-27T14:56:34+00:00 [error] Uncaught PHP Exception Symfony\Component\HttpKernel\Exception\NotFoundHttpException: "No route found for "GET /favicon.ico" (from "http://localhost/")" at /var/www/html/task_app/vendor/symfony/http-kernel/EventListener/RouterListener.php line 136
2020-02-27T14:58:01+00:00 [info] Matched route "_home".
2020-02-27T15:03:59+00:00 [info] Matched route "_home".
2020-02-27T15:04:00+00:00 [error] Uncaught PHP Exception Symfony\Component\HttpKernel\Exception\NotFoundHttpException: "No route found for "GET /favicon.ico" (from "http://localhost/")" at /var/www/html/task_app/vendor/symfony/http-kernel/EventListener/RouterListener.php line 136
2020-02-27T15:04:34+00:00 [info] Matched route "_home".
2020-02-27T15:05:20+00:00 [info] Matched route "_home".
2020-02-27T15:08:20+00:00 [info] Matched route "_home".
2020-02-27T15:40:20+00:00 [info] Matched route "_home".
2020-02-27T15:40:21+00:00 [error] Uncaught PHP Exception Symfony\Component\HttpKernel\Exception\NotFoundHttpException: "No route found for "GET /favicon.ico" (from "http://localhost/")" at /var/www/html/task_app/vendor/symfony/http-kernel/EventListener/RouterListener.php line 136
2020-02-27T15:45:01+00:00 [info] Matched route "_home".
2020-02-27T15:46:30+00:00 [info] Matched route "_home".
2020-02-27T15:48:37+00:00 [info] Matched route "_home".
2020-02-27T16:08:16+00:00 [info] Matched route "_home".
2020-02-27T16:08:17+00:00 [error] Uncaught PHP Exception Symfony\Component\HttpKernel\Exception\NotFoundHttpException: "No route found for "GET /favicon.ico" (from "http://localhost/")" at /var/www/html/task_app/vendor/symfony/http-kernel/EventListener/RouterListener.php line 136
2020-02-27T16:24:01+00:00 [info] Matched route "_home".
2020-02-27T16:43:37+00:00 [error] Uncaught PHP Exception Symfony\Component\HttpKernel\Exception\NotFoundHttpException: "No route found for "GET /edit/1"" at /var/www/html/task_app/vendor/symfony/http-kernel/EventListener/RouterListener.php line 136
2020-02-27T16:43:51+00:00 [info] Matched route "_home".
2020-02-27T16:43:57+00:00 [info] Matched route "_create".
2020-02-27T16:44:02+00:00 [info] Matched route "_create".
2020-02-27T16:45:14+00:00 [info] Matched route "_edit".
